{
"contracts/BalancerProxy.sol":{"l":{"42":0,"43":0,"44":0,"48":0,"49":0,"50":0,"59":0,"60":0,"61":0,"63":0,"64":0,"65":0,"73":0,"81":0,"91":0,"98":0,"106":0,"115":0,"125":0,"134":0,"135":0,"136":0,"137":0,"146":0,"147":0,"148":0,"154":0,"155":0,"157":0,"166":0,"167":0,"171":0,"172":0,"174":0,"183":0,"184":0,"188":0,"189":0,"191":0,"201":0,"202":0,"212":0,"213":0,"215":0,"226":0,"227":0,"231":0,"232":0,"234":0,"235":0,"246":0,"247":0,"251":0,"252":0,"254":0,"262":0,"263":0,"267":0,"268":0,"270":0,"279":0,"280":0,"284":0,"285":0,"287":0,"297":0,"298":0,"302":0,"303":0,"305":0,"315":0,"316":0,"322":0,"323":0,"325":0,"327":0,"333":0,"335":0,"341":0,"345":0,"346":0,"347":0,"348":0},"path":"/home/mx/Dev/curve/prime_dao/monorepo/packages/contracts/contracts/BalancerProxy.sol","s":{"1":0,"2":0,"3":0,"4":0,"5":0,"6":0,"7":0,"8":0,"9":0,"10":0,"11":0,"12":0,"13":0,"14":0,"15":0,"16":0,"17":0,"18":0,"19":0,"20":0,"21":0,"22":0,"23":0,"24":0,"25":0,"26":0,"27":0,"28":0,"29":0,"30":0,"31":0,"32":0,"33":0,"34":0,"35":0,"36":0,"37":0,"38":0,"39":0,"40":0,"41":0,"42":0,"43":0,"44":0,"45":0,"46":0,"47":0,"48":0,"49":0,"50":0,"51":0,"52":0,"53":0,"54":0,"55":0,"56":0,"57":0,"58":0,"59":0,"60":0,"61":0,"62":0,"63":0,"64":0,"65":0,"66":0,"67":0,"68":0,"69":0,"70":0,"71":0,"72":0,"73":0,"74":0,"75":0,"76":0,"77":0,"78":0,"79":0,"80":0,"81":0},"b":{"1":[0,0],"2":[0,0],"3":[0,0],"4":[0,0],"5":[0,0],"6":[0,0],"7":[0,0],"8":[0,0],"9":[0,0],"10":[0,0],"11":[0,0],"12":[0,0],"13":[0,0],"14":[0,0],"15":[0,0],"16":[0,0],"17":[0,0],"18":[0,0],"19":[0,0],"20":[0,0]},"f":{"1":0,"2":0,"3":0,"4":0,"5":0,"6":0,"7":0,"8":0,"9":0,"10":0,"11":0,"12":0,"13":0,"14":0,"15":0,"16":0,"17":0,"18":0,"19":0,"20":0,"21":0,"22":0,"23":0},"fnMap":{"1":{"name":"initializer","line":41,"loc":{"start":{"line":41,"column":4},"end":{"line":45,"column":4}}},"2":{"name":"protected","line":47,"loc":{"start":{"line":47,"column":4},"end":{"line":51,"column":4}}},"3":{"name":"initialize","line":58,"loc":{"start":{"line":58,"column":4},"end":{"line":66,"column":4}}},"4":{"name":"setPublicSwap","line":72,"loc":{"start":{"line":72,"column":4},"end":{"line":74,"column":4}}},"5":{"name":"setSwapFee","line":80,"loc":{"start":{"line":80,"column":4},"end":{"line":82,"column":4}}},"6":{"name":"commitAddToken","line":90,"loc":{"start":{"line":90,"column":4},"end":{"line":92,"column":4}}},"7":{"name":"applyAddToken","line":97,"loc":{"start":{"line":97,"column":4},"end":{"line":99,"column":4}}},"8":{"name":"removeToken","line":105,"loc":{"start":{"line":105,"column":4},"end":{"line":107,"column":4}}},"9":{"name":"updateWeight","line":114,"loc":{"start":{"line":114,"column":4},"end":{"line":116,"column":4}}},"10":{"name":"updateWeightsGradually","line":124,"loc":{"start":{"line":124,"column":4},"end":{"line":126,"column":4}}},"11":{"name":"joinPool","line":133,"loc":{"start":{"line":133,"column":4},"end":{"line":138,"column":4}}},"12":{"name":"exitPool","line":145,"loc":{"start":{"line":145,"column":4},"end":{"line":149,"column":4}}},"13":{"name":"_setPublicSwap","line":153,"loc":{"start":{"line":153,"column":4},"end":{"line":168,"column":4}}},"14":{"name":"_setSwapFee","line":170,"loc":{"start":{"line":170,"column":4},"end":{"line":185,"column":4}}},"15":{"name":"_updateWeight","line":187,"loc":{"start":{"line":187,"column":4},"end":{"line":203,"column":4}}},"16":{"name":"_updateWeightsGradually","line":205,"loc":{"start":{"line":205,"column":4},"end":{"line":228,"column":4}}},"17":{"name":"_commitAddToken","line":230,"loc":{"start":{"line":230,"column":4},"end":{"line":248,"column":4}}},"18":{"name":"_applyAddToken","line":250,"loc":{"start":{"line":250,"column":4},"end":{"line":264,"column":4}}},"19":{"name":"_removeToken","line":266,"loc":{"start":{"line":266,"column":4},"end":{"line":281,"column":4}}},"20":{"name":"_joinPool","line":283,"loc":{"start":{"line":283,"column":4},"end":{"line":299,"column":4}}},"21":{"name":"_exitPool","line":301,"loc":{"start":{"line":301,"column":4},"end":{"line":317,"column":4}}},"22":{"name":"_approve","line":321,"loc":{"start":{"line":321,"column":4},"end":{"line":342,"column":4}}},"23":{"name":"_approveAllTokens","line":344,"loc":{"start":{"line":344,"column":4},"end":{"line":350,"column":4}}}},"statementMap":{"1":{"start":{"line":42,"column":8},"end":{"line":42,"column":72}},"2":{"start":{"line":43,"column":8},"end":{"line":43,"column":25}},"3":{"start":{"line":48,"column":8},"end":{"line":48,"column":85}},"4":{"start":{"line":49,"column":8},"end":{"line":49,"column":83}},"5":{"start":{"line":59,"column":8},"end":{"line":59,"column":92}},"6":{"start":{"line":60,"column":8},"end":{"line":60,"column":93}},"7":{"start":{"line":61,"column":8},"end":{"line":61,"column":92}},"8":{"start":{"line":63,"column":8},"end":{"line":63,"column":23}},"9":{"start":{"line":64,"column":8},"end":{"line":64,"column":23}},"10":{"start":{"line":65,"column":8},"end":{"line":65,"column":22}},"11":{"start":{"line":73,"column":8},"end":{"line":73,"column":33}},"12":{"start":{"line":81,"column":8},"end":{"line":81,"column":27}},"13":{"start":{"line":91,"column":8},"end":{"line":91,"column":58}},"14":{"start":{"line":98,"column":8},"end":{"line":98,"column":23}},"15":{"start":{"line":106,"column":8},"end":{"line":106,"column":26}},"16":{"start":{"line":115,"column":8},"end":{"line":115,"column":38}},"17":{"start":{"line":125,"column":8},"end":{"line":125,"column":64}},"18":{"start":{"line":134,"column":8},"end":{"line":134,"column":62}},"19":{"start":{"line":135,"column":8},"end":{"line":135,"column":71}},"20":{"start":{"line":136,"column":8},"end":{"line":136,"column":50}},"21":{"start":{"line":137,"column":8},"end":{"line":137,"column":45}},"22":{"start":{"line":146,"column":8},"end":{"line":146,"column":62}},"23":{"start":{"line":147,"column":8},"end":{"line":147,"column":72}},"24":{"start":{"line":148,"column":8},"end":{"line":148,"column":45}},"25":{"start":{"line":154,"column":8},"end":{"line":154,"column":32}},"26":{"start":{"line":155,"column":5},"end":{"line":155,"column":55}},"27":{"start":{"line":157,"column":8},"end":{"line":157,"column":6593}},"28":{"start":{"line":166,"column":8},"end":{"line":166,"column":46}},"29":{"start":{"line":167,"column":8},"end":{"line":167,"column":39}},"30":{"start":{"line":171,"column":8},"end":{"line":171,"column":32}},"31":{"start":{"line":172,"column":8},"end":{"line":172,"column":58}},"32":{"start":{"line":174,"column":8},"end":{"line":174,"column":7081}},"33":{"start":{"line":183,"column":8},"end":{"line":183,"column":43}},"34":{"start":{"line":184,"column":8},"end":{"line":184,"column":33}},"35":{"start":{"line":188,"column":8},"end":{"line":188,"column":32}},"36":{"start":{"line":189,"column":8},"end":{"line":189,"column":58}},"37":{"start":{"line":191,"column":8},"end":{"line":191,"column":7575}},"38":{"start":{"line":201,"column":8},"end":{"line":201,"column":43}},"39":{"start":{"line":202,"column":8},"end":{"line":202,"column":45}},"40":{"start":{"line":212,"column":8},"end":{"line":212,"column":32}},"41":{"start":{"line":213,"column":8},"end":{"line":213,"column":58}},"42":{"start":{"line":215,"column":8},"end":{"line":215,"column":8186}},"43":{"start":{"line":226,"column":8},"end":{"line":226,"column":49}},"44":{"start":{"line":227,"column":8},"end":{"line":227,"column":72}},"45":{"start":{"line":231,"column":8},"end":{"line":231,"column":32}},"46":{"start":{"line":232,"column":8},"end":{"line":232,"column":58}},"47":{"start":{"line":234,"column":8},"end":{"line":234,"column":33}},"48":{"start":{"line":235,"column":8},"end":{"line":235,"column":8858}},"49":{"start":{"line":246,"column":8},"end":{"line":246,"column":37}},"50":{"start":{"line":247,"column":8},"end":{"line":247,"column":66}},"51":{"start":{"line":251,"column":8},"end":{"line":251,"column":32}},"52":{"start":{"line":252,"column":8},"end":{"line":252,"column":58}},"53":{"start":{"line":254,"column":8},"end":{"line":254,"column":9414}},"54":{"start":{"line":262,"column":8},"end":{"line":262,"column":34}},"55":{"start":{"line":263,"column":8},"end":{"line":263,"column":35}},"56":{"start":{"line":267,"column":8},"end":{"line":267,"column":32}},"57":{"start":{"line":268,"column":8},"end":{"line":268,"column":58}},"58":{"start":{"line":270,"column":8},"end":{"line":270,"column":9860}},"59":{"start":{"line":279,"column":8},"end":{"line":279,"column":37}},"60":{"start":{"line":280,"column":8},"end":{"line":280,"column":32}},"61":{"start":{"line":284,"column":8},"end":{"line":284,"column":32}},"62":{"start":{"line":285,"column":8},"end":{"line":285,"column":58}},"63":{"start":{"line":287,"column":8},"end":{"line":287,"column":10359}},"64":{"start":{"line":297,"column":8},"end":{"line":297,"column":34}},"65":{"start":{"line":298,"column":8},"end":{"line":298,"column":52}},"66":{"start":{"line":302,"column":8},"end":{"line":302,"column":32}},"67":{"start":{"line":303,"column":8},"end":{"line":303,"column":58}},"68":{"start":{"line":305,"column":8},"end":{"line":305,"column":10911}},"69":{"start":{"line":315,"column":8},"end":{"line":315,"column":34}},"70":{"start":{"line":316,"column":8},"end":{"line":316,"column":52}},"71":{"start":{"line":322,"column":8},"end":{"line":322,"column":64}},"72":{"start":{"line":323,"column":8},"end":{"line":323,"column":32}},"73":{"start":{"line":325,"column":8},"end":{"line":325,"column":11489}},"74":{"start":{"line":327,"column":12},"end":{"line":327,"column":11650}},"75":{"start":{"line":333,"column":12},"end":{"line":333,"column":43}},"76":{"start":{"line":335,"column":8},"end":{"line":335,"column":11921}},"77":{"start":{"line":341,"column":8},"end":{"line":341,"column":39}},"78":{"start":{"line":345,"column":8},"end":{"line":345,"column":12271}},"79":{"start":{"line":346,"column":12},"end":{"line":346,"column":40}},"80":{"start":{"line":347,"column":12},"end":{"line":347,"column":37}},"81":{"start":{"line":348,"column":12},"end":{"line":348,"column":30}}},"branchMap":{"1":{"line":42,"type":"if","locations":[{"start":{"line":42,"column":8},"end":{"line":42,"column":8}},{"start":{"line":42,"column":8},"end":{"line":42,"column":8}}]},"2":{"line":48,"type":"if","locations":[{"start":{"line":48,"column":8},"end":{"line":48,"column":8}},{"start":{"line":48,"column":8},"end":{"line":48,"column":8}}]},"3":{"line":49,"type":"if","locations":[{"start":{"line":49,"column":8},"end":{"line":49,"column":8}},{"start":{"line":49,"column":8},"end":{"line":49,"column":8}}]},"4":{"line":59,"type":"if","locations":[{"start":{"line":59,"column":8},"end":{"line":59,"column":8}},{"start":{"line":59,"column":8},"end":{"line":59,"column":8}}]},"5":{"line":60,"type":"if","locations":[{"start":{"line":60,"column":8},"end":{"line":60,"column":8}},{"start":{"line":60,"column":8},"end":{"line":60,"column":8}}]},"6":{"line":61,"type":"if","locations":[{"start":{"line":61,"column":8},"end":{"line":61,"column":8}},{"start":{"line":61,"column":8},"end":{"line":61,"column":8}}]},"7":{"line":135,"type":"if","locations":[{"start":{"line":135,"column":8},"end":{"line":135,"column":8}},{"start":{"line":135,"column":8},"end":{"line":135,"column":8}}]},"8":{"line":147,"type":"if","locations":[{"start":{"line":147,"column":8},"end":{"line":147,"column":8}},{"start":{"line":147,"column":8},"end":{"line":147,"column":8}}]},"9":{"line":166,"type":"if","locations":[{"start":{"line":166,"column":8},"end":{"line":166,"column":8}},{"start":{"line":166,"column":8},"end":{"line":166,"column":8}}]},"10":{"line":183,"type":"if","locations":[{"start":{"line":183,"column":8},"end":{"line":183,"column":8}},{"start":{"line":183,"column":8},"end":{"line":183,"column":8}}]},"11":{"line":201,"type":"if","locations":[{"start":{"line":201,"column":8},"end":{"line":201,"column":8}},{"start":{"line":201,"column":8},"end":{"line":201,"column":8}}]},"12":{"line":226,"type":"if","locations":[{"start":{"line":226,"column":8},"end":{"line":226,"column":8}},{"start":{"line":226,"column":8},"end":{"line":226,"column":8}}]},"13":{"line":246,"type":"if","locations":[{"start":{"line":246,"column":8},"end":{"line":246,"column":8}},{"start":{"line":246,"column":8},"end":{"line":246,"column":8}}]},"14":{"line":262,"type":"if","locations":[{"start":{"line":262,"column":8},"end":{"line":262,"column":8}},{"start":{"line":262,"column":8},"end":{"line":262,"column":8}}]},"15":{"line":279,"type":"if","locations":[{"start":{"line":279,"column":8},"end":{"line":279,"column":8}},{"start":{"line":279,"column":8},"end":{"line":279,"column":8}}]},"16":{"line":297,"type":"if","locations":[{"start":{"line":297,"column":8},"end":{"line":297,"column":8}},{"start":{"line":297,"column":8},"end":{"line":297,"column":8}}]},"17":{"line":315,"type":"if","locations":[{"start":{"line":315,"column":8},"end":{"line":315,"column":8}},{"start":{"line":315,"column":8},"end":{"line":315,"column":8}}]},"18":{"line":325,"type":"if","locations":[{"start":{"line":325,"column":8},"end":{"line":325,"column":8}},{"start":{"line":325,"column":8},"end":{"line":325,"column":8}}]},"19":{"line":333,"type":"if","locations":[{"start":{"line":333,"column":12},"end":{"line":333,"column":12}},{"start":{"line":333,"column":12},"end":{"line":333,"column":12}}]},"20":{"line":341,"type":"if","locations":[{"start":{"line":341,"column":8},"end":{"line":341,"column":8}},{"start":{"line":341,"column":8},"end":{"line":341,"column":8}}]}}},
"contracts/interfaces/IConfigurableRightsPool.sol":{"l":{},"path":"/home/mx/Dev/curve/prime_dao/monorepo/packages/contracts/contracts/interfaces/IConfigurableRightsPool.sol","s":{},"b":{},"f":{},"fnMap":{},"statementMap":{},"branchMap":{}},
"contracts/PrimeToken.sol":{"l":{"10":0},"path":"/home/mx/Dev/curve/prime_dao/monorepo/packages/contracts/contracts/PrimeToken.sol","s":{"1":0},"b":{},"f":{"1":0},"fnMap":{"1":{"name":"constructor","line":9,"loc":{"start":{"line":9,"column":4},"end":{"line":11,"column":4}}}},"statementMap":{"1":{"start":{"line":10,"column":8},"end":{"line":10,"column":44}}},"branchMap":{}},
"contracts/utils/PriceOracle.sol":{"l":{"18":0,"22":0,"23":0},"path":"/home/mx/Dev/curve/prime_dao/monorepo/packages/contracts/contracts/utils/PriceOracle.sol","s":{"1":0,"2":0,"3":0},"b":{},"f":{"1":0,"2":0},"fnMap":{"1":{"name":"setTokenPrice","line":17,"loc":{"start":{"line":17,"column":4},"end":{"line":19,"column":4}}},"2":{"name":"getPrice","line":21,"loc":{"start":{"line":21,"column":4},"end":{"line":24,"column":4}}}},"statementMap":{"1":{"start":{"line":18,"column":8},"end":{"line":18,"column":57}},"2":{"start":{"line":22,"column":8},"end":{"line":22,"column":47}},"3":{"start":{"line":23,"column":8},"end":{"line":23,"column":51}}},"branchMap":{}}}
