TN:
SF:/home/mx/Dev/curve/prime_dao/monorepo/packages/contracts/contracts/BalancerProxy.sol
FN:41,initializer
FN:47,protected
FN:58,initialize
FN:72,setPublicSwap
FN:80,setSwapFee
FN:90,commitAddToken
FN:97,applyAddToken
FN:105,removeToken
FN:114,updateWeight
FN:124,updateWeightsGradually
FN:133,joinPool
FN:145,exitPool
FN:153,_setPublicSwap
FN:170,_setSwapFee
FN:187,_updateWeight
FN:205,_updateWeightsGradually
FN:230,_commitAddToken
FN:250,_applyAddToken
FN:266,_removeToken
FN:283,_joinPool
FN:301,_exitPool
FN:321,_approve
FN:344,_approveAllTokens
FNF:23
FNH:0
FNDA:0,initializer
FNDA:0,protected
FNDA:0,initialize
FNDA:0,setPublicSwap
FNDA:0,setSwapFee
FNDA:0,commitAddToken
FNDA:0,applyAddToken
FNDA:0,removeToken
FNDA:0,updateWeight
FNDA:0,updateWeightsGradually
FNDA:0,joinPool
FNDA:0,exitPool
FNDA:0,_setPublicSwap
FNDA:0,_setSwapFee
FNDA:0,_updateWeight
FNDA:0,_updateWeightsGradually
FNDA:0,_commitAddToken
FNDA:0,_applyAddToken
FNDA:0,_removeToken
FNDA:0,_joinPool
FNDA:0,_exitPool
FNDA:0,_approve
FNDA:0,_approveAllTokens
DA:42,0
DA:43,0
DA:44,0
DA:48,0
DA:49,0
DA:50,0
DA:59,0
DA:60,0
DA:61,0
DA:63,0
DA:64,0
DA:65,0
DA:73,0
DA:81,0
DA:91,0
DA:98,0
DA:106,0
DA:115,0
DA:125,0
DA:134,0
DA:135,0
DA:136,0
DA:137,0
DA:146,0
DA:147,0
DA:148,0
DA:154,0
DA:155,0
DA:157,0
DA:166,0
DA:167,0
DA:171,0
DA:172,0
DA:174,0
DA:183,0
DA:184,0
DA:188,0
DA:189,0
DA:191,0
DA:201,0
DA:202,0
DA:212,0
DA:213,0
DA:215,0
DA:226,0
DA:227,0
DA:231,0
DA:232,0
DA:234,0
DA:235,0
DA:246,0
DA:247,0
DA:251,0
DA:252,0
DA:254,0
DA:262,0
DA:263,0
DA:267,0
DA:268,0
DA:270,0
DA:279,0
DA:280,0
DA:284,0
DA:285,0
DA:287,0
DA:297,0
DA:298,0
DA:302,0
DA:303,0
DA:305,0
DA:315,0
DA:316,0
DA:322,0
DA:323,0
DA:325,0
DA:327,0
DA:333,0
DA:335,0
DA:341,0
DA:345,0
DA:346,0
DA:347,0
DA:348,0
LF:83
LH:0
BRDA:42,1,0,0
BRDA:42,1,1,0
BRDA:48,2,0,0
BRDA:48,2,1,0
BRDA:49,3,0,0
BRDA:49,3,1,0
BRDA:59,4,0,0
BRDA:59,4,1,0
BRDA:60,5,0,0
BRDA:60,5,1,0
BRDA:61,6,0,0
BRDA:61,6,1,0
BRDA:135,7,0,0
BRDA:135,7,1,0
BRDA:147,8,0,0
BRDA:147,8,1,0
BRDA:166,9,0,0
BRDA:166,9,1,0
BRDA:183,10,0,0
BRDA:183,10,1,0
BRDA:201,11,0,0
BRDA:201,11,1,0
BRDA:226,12,0,0
BRDA:226,12,1,0
BRDA:246,13,0,0
BRDA:246,13,1,0
BRDA:262,14,0,0
BRDA:262,14,1,0
BRDA:279,15,0,0
BRDA:279,15,1,0
BRDA:297,16,0,0
BRDA:297,16,1,0
BRDA:315,17,0,0
BRDA:315,17,1,0
BRDA:325,18,0,0
BRDA:325,18,1,0
BRDA:333,19,0,0
BRDA:333,19,1,0
BRDA:341,20,0,0
BRDA:341,20,1,0
BRF:40
BRH:0
end_of_record
TN:
SF:/home/mx/Dev/curve/prime_dao/monorepo/packages/contracts/contracts/interfaces/IConfigurableRightsPool.sol
FNF:0
FNH:0
LF:0
LH:0
BRF:0
BRH:0
end_of_record
TN:
SF:/home/mx/Dev/curve/prime_dao/monorepo/packages/contracts/contracts/PrimeToken.sol
FN:9,constructor
FNF:1
FNH:0
FNDA:0,constructor
DA:10,0
LF:1
LH:0
BRF:0
BRH:0
end_of_record
TN:
SF:/home/mx/Dev/curve/prime_dao/monorepo/packages/contracts/contracts/utils/PriceOracle.sol
FN:17,setTokenPrice
FN:21,getPrice
FNF:2
FNH:0
FNDA:0,setTokenPrice
FNDA:0,getPrice
DA:18,0
DA:22,0
DA:23,0
LF:3
LH:0
BRF:0
BRH:0
end_of_record
