{"contracts/BalancerProxy.sol":{"l":{"42":32,"43":30,"44":30,"48":16,"49":14,"50":8,"59":30,"60":28,"61":26,"63":24,"64":24,"65":24,"73":1,"81":1,"91":1,"98":1,"106":1,"115":0,"125":1,"134":1,"135":1,"136":1,"137":1,"146":1,"147":1,"148":1,"154":1,"155":1,"157":1,"166":1,"167":1,"171":1,"172":1,"174":1,"183":1,"184":1,"188":0,"189":0,"191":0,"201":0,"202":0,"212":1,"213":1,"215":1,"226":1,"227":1,"231":1,"232":1,"234":1,"235":1,"246":1,"247":1,"251":1,"252":1,"254":1,"262":1,"263":1,"267":1,"268":1,"270":1,"279":1,"280":1,"284":1,"285":1,"287":1,"297":1,"298":1,"302":1,"303":1,"305":1,"315":1,"316":1,"322":4,"323":4,"325":4,"327":0,"333":0,"335":4,"341":4,"345":1,"346":3,"347":3,"348":3},"path":"/Users/arseny/Projects/primeDAO/monorepo/packages/contracts/contracts/BalancerProxy.sol","s":{"1":32,"2":30,"3":16,"4":14,"5":30,"6":28,"7":26,"8":24,"9":24,"10":24,"11":1,"12":1,"13":1,"14":1,"15":1,"16":0,"17":1,"18":1,"19":1,"20":1,"21":1,"22":1,"23":1,"24":1,"25":1,"26":1,"27":1,"28":1,"29":1,"30":1,"31":1,"32":1,"33":1,"34":1,"35":0,"36":0,"37":0,"38":0,"39":0,"40":1,"41":1,"42":1,"43":1,"44":1,"45":1,"46":1,"47":1,"48":1,"49":1,"50":1,"51":1,"52":1,"53":1,"54":1,"55":1,"56":1,"57":1,"58":1,"59":1,"60":1,"61":1,"62":1,"63":1,"64":1,"65":1,"66":1,"67":1,"68":1,"69":1,"70":1,"71":4,"72":4,"73":4,"74":0,"75":0,"76":4,"77":4,"78":1,"79":3,"80":3,"81":3},"b":{"1":[30,2],"2":[14,2],"3":[8,6],"4":[28,2],"5":[26,2],"6":[24,2],"7":[1,0],"8":[1,0],"9":[1,0],"10":[1,0],"11":[0,0],"12":[1,0],"13":[1,0],"14":[1,0],"15":[1,0],"16":[1,0],"17":[1,0],"18":[0,4],"19":[0,0],"20":[4,0]},"f":{"1":32,"2":16,"3":30,"4":1,"5":1,"6":1,"7":1,"8":1,"9":0,"10":1,"11":1,"12":1,"13":1,"14":1,"15":0,"16":1,"17":1,"18":1,"19":1,"20":1,"21":1,"22":4,"23":1},"fnMap":{"1":{"name":"initializer","line":41,"loc":{"start":{"line":41,"column":4},"end":{"line":45,"column":4}}},"2":{"name":"protected","line":47,"loc":{"start":{"line":47,"column":4},"end":{"line":51,"column":4}}},"3":{"name":"initialize","line":58,"loc":{"start":{"line":58,"column":4},"end":{"line":66,"column":4}}},"4":{"name":"setPublicSwap","line":72,"loc":{"start":{"line":72,"column":4},"end":{"line":74,"column":4}}},"5":{"name":"setSwapFee","line":80,"loc":{"start":{"line":80,"column":4},"end":{"line":82,"column":4}}},"6":{"name":"commitAddToken","line":90,"loc":{"start":{"line":90,"column":4},"end":{"line":92,"column":4}}},"7":{"name":"applyAddToken","line":97,"loc":{"start":{"line":97,"column":4},"end":{"line":99,"column":4}}},"8":{"name":"removeToken","line":105,"loc":{"start":{"line":105,"column":4},"end":{"line":107,"column":4}}},"9":{"name":"updateWeight","line":114,"loc":{"start":{"line":114,"column":4},"end":{"line":116,"column":4}}},"10":{"name":"updateWeightsGradually","line":124,"loc":{"start":{"line":124,"column":4},"end":{"line":126,"column":4}}},"11":{"name":"joinPool","line":133,"loc":{"start":{"line":133,"column":4},"end":{"line":138,"column":4}}},"12":{"name":"exitPool","line":145,"loc":{"start":{"line":145,"column":4},"end":{"line":149,"column":4}}},"13":{"name":"_setPublicSwap","line":153,"loc":{"start":{"line":153,"column":4},"end":{"line":168,"column":4}}},"14":{"name":"_setSwapFee","line":170,"loc":{"start":{"line":170,"column":4},"end":{"line":185,"column":4}}},"15":{"name":"_updateWeight","line":187,"loc":{"start":{"line":187,"column":4},"end":{"line":203,"column":4}}},"16":{"name":"_updateWeightsGradually","line":205,"loc":{"start":{"line":205,"column":4},"end":{"line":228,"column":4}}},"17":{"name":"_commitAddToken","line":230,"loc":{"start":{"line":230,"column":4},"end":{"line":248,"column":4}}},"18":{"name":"_applyAddToken","line":250,"loc":{"start":{"line":250,"column":4},"end":{"line":264,"column":4}}},"19":{"name":"_removeToken","line":266,"loc":{"start":{"line":266,"column":4},"end":{"line":281,"column":4}}},"20":{"name":"_joinPool","line":283,"loc":{"start":{"line":283,"column":4},"end":{"line":299,"column":4}}},"21":{"name":"_exitPool","line":301,"loc":{"start":{"line":301,"column":4},"end":{"line":317,"column":4}}},"22":{"name":"_approve","line":321,"loc":{"start":{"line":321,"column":4},"end":{"line":342,"column":4}}},"23":{"name":"_approveAllTokens","line":344,"loc":{"start":{"line":344,"column":4},"end":{"line":350,"column":4}}}},"statementMap":{"1":{"start":{"line":42,"column":8},"end":{"line":42,"column":72}},"2":{"start":{"line":43,"column":8},"end":{"line":43,"column":25}},"3":{"start":{"line":48,"column":8},"end":{"line":48,"column":85}},"4":{"start":{"line":49,"column":8},"end":{"line":49,"column":83}},"5":{"start":{"line":59,"column":8},"end":{"line":59,"column":92}},"6":{"start":{"line":60,"column":8},"end":{"line":60,"column":93}},"7":{"start":{"line":61,"column":8},"end":{"line":61,"column":92}},"8":{"start":{"line":63,"column":8},"end":{"line":63,"column":23}},"9":{"start":{"line":64,"column":8},"end":{"line":64,"column":23}},"10":{"start":{"line":65,"column":8},"end":{"line":65,"column":22}},"11":{"start":{"line":73,"column":8},"end":{"line":73,"column":33}},"12":{"start":{"line":81,"column":8},"end":{"line":81,"column":27}},"13":{"start":{"line":91,"column":8},"end":{"line":91,"column":58}},"14":{"start":{"line":98,"column":8},"end":{"line":98,"column":23}},"15":{"start":{"line":106,"column":8},"end":{"line":106,"column":26}},"16":{"start":{"line":115,"column":8},"end":{"line":115,"column":38}},"17":{"start":{"line":125,"column":8},"end":{"line":125,"column":64}},"18":{"start":{"line":134,"column":8},"end":{"line":134,"column":62}},"19":{"start":{"line":135,"column":8},"end":{"line":135,"column":71}},"20":{"start":{"line":136,"column":8},"end":{"line":136,"column":50}},"21":{"start":{"line":137,"column":8},"end":{"line":137,"column":45}},"22":{"start":{"line":146,"column":8},"end":{"line":146,"column":62}},"23":{"start":{"line":147,"column":8},"end":{"line":147,"column":72}},"24":{"start":{"line":148,"column":8},"end":{"line":148,"column":45}},"25":{"start":{"line":154,"column":8},"end":{"line":154,"column":32}},"26":{"start":{"line":155,"column":5},"end":{"line":155,"column":55}},"27":{"start":{"line":157,"column":8},"end":{"line":157,"column":6605}},"28":{"start":{"line":166,"column":8},"end":{"line":166,"column":46}},"29":{"start":{"line":167,"column":8},"end":{"line":167,"column":39}},"30":{"start":{"line":171,"column":8},"end":{"line":171,"column":32}},"31":{"start":{"line":172,"column":8},"end":{"line":172,"column":58}},"32":{"start":{"line":174,"column":8},"end":{"line":174,"column":7093}},"33":{"start":{"line":183,"column":8},"end":{"line":183,"column":43}},"34":{"start":{"line":184,"column":8},"end":{"line":184,"column":33}},"35":{"start":{"line":188,"column":8},"end":{"line":188,"column":32}},"36":{"start":{"line":189,"column":8},"end":{"line":189,"column":58}},"37":{"start":{"line":191,"column":8},"end":{"line":191,"column":7587}},"38":{"start":{"line":201,"column":8},"end":{"line":201,"column":43}},"39":{"start":{"line":202,"column":8},"end":{"line":202,"column":45}},"40":{"start":{"line":212,"column":8},"end":{"line":212,"column":32}},"41":{"start":{"line":213,"column":8},"end":{"line":213,"column":58}},"42":{"start":{"line":215,"column":8},"end":{"line":215,"column":8198}},"43":{"start":{"line":226,"column":8},"end":{"line":226,"column":49}},"44":{"start":{"line":227,"column":8},"end":{"line":227,"column":72}},"45":{"start":{"line":231,"column":8},"end":{"line":231,"column":32}},"46":{"start":{"line":232,"column":8},"end":{"line":232,"column":58}},"47":{"start":{"line":234,"column":8},"end":{"line":234,"column":33}},"48":{"start":{"line":235,"column":8},"end":{"line":235,"column":8870}},"49":{"start":{"line":246,"column":8},"end":{"line":246,"column":37}},"50":{"start":{"line":247,"column":8},"end":{"line":247,"column":66}},"51":{"start":{"line":251,"column":8},"end":{"line":251,"column":32}},"52":{"start":{"line":252,"column":8},"end":{"line":252,"column":58}},"53":{"start":{"line":254,"column":8},"end":{"line":254,"column":9426}},"54":{"start":{"line":262,"column":8},"end":{"line":262,"column":34}},"55":{"start":{"line":263,"column":8},"end":{"line":263,"column":35}},"56":{"start":{"line":267,"column":8},"end":{"line":267,"column":32}},"57":{"start":{"line":268,"column":8},"end":{"line":268,"column":58}},"58":{"start":{"line":270,"column":8},"end":{"line":270,"column":9872}},"59":{"start":{"line":279,"column":8},"end":{"line":279,"column":37}},"60":{"start":{"line":280,"column":8},"end":{"line":280,"column":32}},"61":{"start":{"line":284,"column":8},"end":{"line":284,"column":32}},"62":{"start":{"line":285,"column":8},"end":{"line":285,"column":58}},"63":{"start":{"line":287,"column":8},"end":{"line":287,"column":10371}},"64":{"start":{"line":297,"column":8},"end":{"line":297,"column":34}},"65":{"start":{"line":298,"column":8},"end":{"line":298,"column":52}},"66":{"start":{"line":302,"column":8},"end":{"line":302,"column":32}},"67":{"start":{"line":303,"column":8},"end":{"line":303,"column":58}},"68":{"start":{"line":305,"column":8},"end":{"line":305,"column":10923}},"69":{"start":{"line":315,"column":8},"end":{"line":315,"column":34}},"70":{"start":{"line":316,"column":8},"end":{"line":316,"column":52}},"71":{"start":{"line":322,"column":8},"end":{"line":322,"column":64}},"72":{"start":{"line":323,"column":8},"end":{"line":323,"column":32}},"73":{"start":{"line":325,"column":8},"end":{"line":325,"column":11501}},"74":{"start":{"line":327,"column":12},"end":{"line":327,"column":11662}},"75":{"start":{"line":333,"column":12},"end":{"line":333,"column":43}},"76":{"start":{"line":335,"column":8},"end":{"line":335,"column":11933}},"77":{"start":{"line":341,"column":8},"end":{"line":341,"column":39}},"78":{"start":{"line":345,"column":8},"end":{"line":345,"column":12283}},"79":{"start":{"line":346,"column":12},"end":{"line":346,"column":40}},"80":{"start":{"line":347,"column":12},"end":{"line":347,"column":37}},"81":{"start":{"line":348,"column":12},"end":{"line":348,"column":30}}},"branchMap":{"1":{"line":42,"type":"if","locations":[{"start":{"line":42,"column":8},"end":{"line":42,"column":8}},{"start":{"line":42,"column":8},"end":{"line":42,"column":8}}]},"2":{"line":48,"type":"if","locations":[{"start":{"line":48,"column":8},"end":{"line":48,"column":8}},{"start":{"line":48,"column":8},"end":{"line":48,"column":8}}]},"3":{"line":49,"type":"if","locations":[{"start":{"line":49,"column":8},"end":{"line":49,"column":8}},{"start":{"line":49,"column":8},"end":{"line":49,"column":8}}]},"4":{"line":59,"type":"if","locations":[{"start":{"line":59,"column":8},"end":{"line":59,"column":8}},{"start":{"line":59,"column":8},"end":{"line":59,"column":8}}]},"5":{"line":60,"type":"if","locations":[{"start":{"line":60,"column":8},"end":{"line":60,"column":8}},{"start":{"line":60,"column":8},"end":{"line":60,"column":8}}]},"6":{"line":61,"type":"if","locations":[{"start":{"line":61,"column":8},"end":{"line":61,"column":8}},{"start":{"line":61,"column":8},"end":{"line":61,"column":8}}]},"7":{"line":135,"type":"if","locations":[{"start":{"line":135,"column":8},"end":{"line":135,"column":8}},{"start":{"line":135,"column":8},"end":{"line":135,"column":8}}]},"8":{"line":147,"type":"if","locations":[{"start":{"line":147,"column":8},"end":{"line":147,"column":8}},{"start":{"line":147,"column":8},"end":{"line":147,"column":8}}]},"9":{"line":166,"type":"if","locations":[{"start":{"line":166,"column":8},"end":{"line":166,"column":8}},{"start":{"line":166,"column":8},"end":{"line":166,"column":8}}]},"10":{"line":183,"type":"if","locations":[{"start":{"line":183,"column":8},"end":{"line":183,"column":8}},{"start":{"line":183,"column":8},"end":{"line":183,"column":8}}]},"11":{"line":201,"type":"if","locations":[{"start":{"line":201,"column":8},"end":{"line":201,"column":8}},{"start":{"line":201,"column":8},"end":{"line":201,"column":8}}]},"12":{"line":226,"type":"if","locations":[{"start":{"line":226,"column":8},"end":{"line":226,"column":8}},{"start":{"line":226,"column":8},"end":{"line":226,"column":8}}]},"13":{"line":246,"type":"if","locations":[{"start":{"line":246,"column":8},"end":{"line":246,"column":8}},{"start":{"line":246,"column":8},"end":{"line":246,"column":8}}]},"14":{"line":262,"type":"if","locations":[{"start":{"line":262,"column":8},"end":{"line":262,"column":8}},{"start":{"line":262,"column":8},"end":{"line":262,"column":8}}]},"15":{"line":279,"type":"if","locations":[{"start":{"line":279,"column":8},"end":{"line":279,"column":8}},{"start":{"line":279,"column":8},"end":{"line":279,"column":8}}]},"16":{"line":297,"type":"if","locations":[{"start":{"line":297,"column":8},"end":{"line":297,"column":8}},{"start":{"line":297,"column":8},"end":{"line":297,"column":8}}]},"17":{"line":315,"type":"if","locations":[{"start":{"line":315,"column":8},"end":{"line":315,"column":8}},{"start":{"line":315,"column":8},"end":{"line":315,"column":8}}]},"18":{"line":325,"type":"if","locations":[{"start":{"line":325,"column":8},"end":{"line":325,"column":8}},{"start":{"line":325,"column":8},"end":{"line":325,"column":8}}]},"19":{"line":333,"type":"if","locations":[{"start":{"line":333,"column":12},"end":{"line":333,"column":12}},{"start":{"line":333,"column":12},"end":{"line":333,"column":12}}]},"20":{"line":341,"type":"if","locations":[{"start":{"line":341,"column":8},"end":{"line":341,"column":8}},{"start":{"line":341,"column":8},"end":{"line":341,"column":8}}]}}},"contracts/incentives/IncentivesProxy.sol":{"l":{"55":12,"56":10,"57":10,"61":43,"62":33,"71":10,"72":8,"74":8,"75":8,"76":8,"101":34,"102":34,"103":34,"104":28,"105":28,"107":34,"111":48,"115":71,"116":58,"118":13,"129":37,"139":8,"140":6,"141":6,"146":8,"147":4,"148":4,"153":6,"154":2,"159":4,"160":4,"161":2,"164":2,"165":2,"170":20,"171":20,"176":6,"177":6,"179":0,"180":0,"181":0,"188":6,"189":6,"191":4,"192":4,"193":4,"206":7,"208":5,"210":3,"213":1,"217":84,"221":43,"225":6,"226":6,"227":6,"231":4,"232":4,"233":4},"path":"/Users/arseny/Projects/primeDAO/monorepo/packages/contracts/contracts/incentives/IncentivesProxy.sol","s":{"1":12,"2":10,"3":43,"4":10,"5":8,"6":8,"7":8,"8":8,"9":34,"10":34,"11":34,"12":28,"13":28,"14":48,"15":71,"16":58,"17":13,"18":37,"19":8,"20":6,"21":6,"22":8,"23":4,"24":4,"25":6,"26":2,"27":4,"28":4,"29":2,"30":2,"31":2,"32":20,"33":6,"34":6,"35":0,"36":0,"37":0,"38":6,"39":6,"40":4,"41":4,"42":4,"43":7,"44":5,"45":3,"46":1,"47":84,"48":43,"49":6,"50":6,"51":6,"52":4,"53":4,"54":4},"b":{"1":[10,2],"2":[33,10],"3":[8,2],"4":[8,0],"5":[28,6],"6":[58,13],"7":[6,2],"8":[4,4],"9":[2,2],"10":[20,0],"11":[6,0],"12":[4,2],"13":[5,2],"14":[3,2],"15":[1,2]},"f":{"1":12,"2":43,"3":10,"4":34,"5":48,"6":71,"7":37,"8":8,"9":8,"10":6,"11":4,"12":20,"13":6,"14":7,"15":84,"16":43,"17":6,"18":4},"fnMap":{"1":{"name":"initializer","line":54,"loc":{"start":{"line":54,"column":4},"end":{"line":58,"column":4}}},"2":{"name":"protected","line":60,"loc":{"start":{"line":60,"column":4},"end":{"line":63,"column":4}}},"3":{"name":"initialize","line":70,"loc":{"start":{"line":70,"column":4},"end":{"line":77,"column":4}}},"4":{"name":"updateReward","line":100,"loc":{"start":{"line":100,"column":4},"end":{"line":108,"column":4}}},"5":{"name":"lastTimeRewardApplicable","line":110,"loc":{"start":{"line":110,"column":4},"end":{"line":112,"column":4}}},"6":{"name":"rewardPerToken","line":114,"loc":{"start":{"line":114,"column":4},"end":{"line":126,"column":4}}},"7":{"name":"earned","line":128,"loc":{"start":{"line":128,"column":4},"end":{"line":134,"column":4}}},"8":{"name":"stake","line":138,"loc":{"start":{"line":138,"column":5},"end":{"line":142,"column":4}}},"9":{"name":"withdraw","line":145,"loc":{"start":{"line":145,"column":4},"end":{"line":149,"column":4}}},"10":{"name":"exit","line":152,"loc":{"start":{"line":152,"column":4},"end":{"line":155,"column":4}}},"11":{"name":"getReward","line":158,"loc":{"start":{"line":158,"column":4},"end":{"line":167,"column":4}}},"12":{"name":"checkStart","line":169,"loc":{"start":{"line":169,"column":4},"end":{"line":172,"column":4}}},"13":{"name":"notifyRewardAmount","line":175,"loc":{"start":{"line":175,"column":3},"end":{"line":194,"column":4}}},"14":{"name":"rescueTokens","line":203,"loc":{"start":{"line":201,"column":4},"end":{"line":214,"column":4}}},"15":{"name":"totalSupply","line":216,"loc":{"start":{"line":216,"column":4},"end":{"line":218,"column":4}}},"16":{"name":"balanceOf","line":220,"loc":{"start":{"line":220,"column":4},"end":{"line":222,"column":4}}},"17":{"name":"_stake","line":224,"loc":{"start":{"line":224,"column":4},"end":{"line":228,"column":4}}},"18":{"name":"_withdraw","line":230,"loc":{"start":{"line":230,"column":4},"end":{"line":234,"column":4}}}},"statementMap":{"1":{"start":{"line":55,"column":8},"end":{"line":55,"column":74}},"2":{"start":{"line":56,"column":8},"end":{"line":56,"column":25}},"3":{"start":{"line":61,"column":8},"end":{"line":61,"column":69}},"4":{"start":{"line":71,"column":8},"end":{"line":71,"column":107}},"5":{"start":{"line":72,"column":8},"end":{"line":72,"column":108}},"6":{"start":{"line":74,"column":8},"end":{"line":74,"column":42}},"7":{"start":{"line":75,"column":8},"end":{"line":75,"column":43}},"8":{"start":{"line":76,"column":8},"end":{"line":76,"column":34}},"9":{"start":{"line":101,"column":8},"end":{"line":101,"column":46}},"10":{"start":{"line":102,"column":8},"end":{"line":102,"column":50}},"11":{"start":{"line":103,"column":8},"end":{"line":103,"column":3798}},"12":{"start":{"line":104,"column":12},"end":{"line":104,"column":45}},"13":{"start":{"line":105,"column":12},"end":{"line":105,"column":65}},"14":{"start":{"line":111,"column":8},"end":{"line":111,"column":54}},"15":{"start":{"line":115,"column":8},"end":{"line":115,"column":4176}},"16":{"start":{"line":116,"column":12},"end":{"line":116,"column":39}},"17":{"start":{"line":118,"column":8},"end":{"line":118,"column":4266}},"18":{"start":{"line":129,"column":8},"end":{"line":129,"column":4627}},"19":{"start":{"line":139,"column":8},"end":{"line":139,"column":61}},"20":{"start":{"line":140,"column":8},"end":{"line":140,"column":21}},"21":{"start":{"line":141,"column":8},"end":{"line":141,"column":39}},"22":{"start":{"line":146,"column":8},"end":{"line":146,"column":64}},"23":{"start":{"line":147,"column":8},"end":{"line":147,"column":24}},"24":{"start":{"line":148,"column":8},"end":{"line":148,"column":42}},"25":{"start":{"line":153,"column":8},"end":{"line":153,"column":38}},"26":{"start":{"line":154,"column":8},"end":{"line":154,"column":18}},"27":{"start":{"line":159,"column":8},"end":{"line":159,"column":43}},"28":{"start":{"line":160,"column":8},"end":{"line":160,"column":5967}},"29":{"start":{"line":161,"column":12},"end":{"line":161,"column":34}},"30":{"start":{"line":164,"column":12},"end":{"line":164,"column":55}},"31":{"start":{"line":165,"column":12},"end":{"line":165,"column":47}},"32":{"start":{"line":170,"column":8},"end":{"line":170,"column":73}},"33":{"start":{"line":176,"column":8},"end":{"line":176,"column":6545}},"34":{"start":{"line":177,"column":12},"end":{"line":177,"column":44}},"35":{"start":{"line":179,"column":12},"end":{"line":179,"column":65}},"36":{"start":{"line":180,"column":12},"end":{"line":180,"column":56}},"37":{"start":{"line":181,"column":12},"end":{"line":181,"column":58}},"38":{"start":{"line":188,"column":8},"end":{"line":188,"column":59}},"39":{"start":{"line":189,"column":8},"end":{"line":189,"column":96}},"40":{"start":{"line":191,"column":8},"end":{"line":191,"column":39}},"41":{"start":{"line":192,"column":8},"end":{"line":192,"column":51}},"42":{"start":{"line":193,"column":8},"end":{"line":193,"column":32}},"43":{"start":{"line":206,"column":8},"end":{"line":206,"column":69}},"44":{"start":{"line":208,"column":8},"end":{"line":208,"column":71}},"45":{"start":{"line":210,"column":8},"end":{"line":210,"column":69}},"46":{"start":{"line":213,"column":8},"end":{"line":213,"column":38}},"47":{"start":{"line":217,"column":8},"end":{"line":217,"column":27}},"48":{"start":{"line":221,"column":8},"end":{"line":221,"column":33}},"49":{"start":{"line":225,"column":8},"end":{"line":225,"column":47}},"50":{"start":{"line":226,"column":8},"end":{"line":226,"column":65}},"51":{"start":{"line":227,"column":8},"end":{"line":227,"column":72}},"52":{"start":{"line":231,"column":8},"end":{"line":231,"column":47}},"53":{"start":{"line":232,"column":8},"end":{"line":232,"column":65}},"54":{"start":{"line":233,"column":8},"end":{"line":233,"column":53}}},"branchMap":{"1":{"line":55,"type":"if","locations":[{"start":{"line":55,"column":8},"end":{"line":55,"column":8}},{"start":{"line":55,"column":8},"end":{"line":55,"column":8}}]},"2":{"line":61,"type":"if","locations":[{"start":{"line":61,"column":8},"end":{"line":61,"column":8}},{"start":{"line":61,"column":8},"end":{"line":61,"column":8}}]},"3":{"line":71,"type":"if","locations":[{"start":{"line":71,"column":8},"end":{"line":71,"column":8}},{"start":{"line":71,"column":8},"end":{"line":71,"column":8}}]},"4":{"line":72,"type":"if","locations":[{"start":{"line":72,"column":8},"end":{"line":72,"column":8}},{"start":{"line":72,"column":8},"end":{"line":72,"column":8}}]},"5":{"line":103,"type":"if","locations":[{"start":{"line":103,"column":8},"end":{"line":103,"column":8}},{"start":{"line":103,"column":8},"end":{"line":103,"column":8}}]},"6":{"line":115,"type":"if","locations":[{"start":{"line":115,"column":8},"end":{"line":115,"column":8}},{"start":{"line":115,"column":8},"end":{"line":115,"column":8}}]},"7":{"line":139,"type":"if","locations":[{"start":{"line":139,"column":8},"end":{"line":139,"column":8}},{"start":{"line":139,"column":8},"end":{"line":139,"column":8}}]},"8":{"line":146,"type":"if","locations":[{"start":{"line":146,"column":8},"end":{"line":146,"column":8}},{"start":{"line":146,"column":8},"end":{"line":146,"column":8}}]},"9":{"line":160,"type":"if","locations":[{"start":{"line":160,"column":8},"end":{"line":160,"column":8}},{"start":{"line":160,"column":8},"end":{"line":160,"column":8}}]},"10":{"line":170,"type":"if","locations":[{"start":{"line":170,"column":8},"end":{"line":170,"column":8}},{"start":{"line":170,"column":8},"end":{"line":170,"column":8}}]},"11":{"line":176,"type":"if","locations":[{"start":{"line":176,"column":8},"end":{"line":176,"column":8}},{"start":{"line":176,"column":8},"end":{"line":176,"column":8}}]},"12":{"line":189,"type":"if","locations":[{"start":{"line":189,"column":8},"end":{"line":189,"column":8}},{"start":{"line":189,"column":8},"end":{"line":189,"column":8}}]},"13":{"line":206,"type":"if","locations":[{"start":{"line":206,"column":8},"end":{"line":206,"column":8}},{"start":{"line":206,"column":8},"end":{"line":206,"column":8}}]},"14":{"line":208,"type":"if","locations":[{"start":{"line":208,"column":8},"end":{"line":208,"column":8}},{"start":{"line":208,"column":8},"end":{"line":208,"column":8}}]},"15":{"line":210,"type":"if","locations":[{"start":{"line":210,"column":8},"end":{"line":210,"column":8}},{"start":{"line":210,"column":8},"end":{"line":210,"column":8}}]}}},"contracts/incentives/IRewardDistributionRecipient.sol":{"l":{"14":6,"15":6,"22":0},"path":"/Users/arseny/Projects/primeDAO/monorepo/packages/contracts/contracts/incentives/IRewardDistributionRecipient.sol","s":{"1":6,"2":0},"b":{"1":[6,0]},"f":{"1":6,"2":0},"fnMap":{"1":{"name":"onlyRewardDistribution","line":13,"loc":{"start":{"line":13,"column":4},"end":{"line":16,"column":4}}},"2":{"name":"setRewardDistribution","line":20,"loc":{"start":{"line":18,"column":4},"end":{"line":23,"column":4}}}},"statementMap":{"1":{"start":{"line":14,"column":8},"end":{"line":14,"column":87}},"2":{"start":{"line":22,"column":8},"end":{"line":22,"column":47}}},"branchMap":{"1":{"line":14,"type":"if","locations":[{"start":{"line":14,"column":8},"end":{"line":14,"column":8}},{"start":{"line":14,"column":8},"end":{"line":14,"column":8}}]}}},"contracts/PrimeToken.sol":{"l":{"10":15},"path":"/Users/arseny/Projects/primeDAO/monorepo/packages/contracts/contracts/PrimeToken.sol","s":{"1":15},"b":{},"f":{"1":15},"fnMap":{"1":{"name":"constructor","line":9,"loc":{"start":{"line":9,"column":4},"end":{"line":11,"column":4}}}},"statementMap":{"1":{"start":{"line":10,"column":8},"end":{"line":10,"column":44}}},"branchMap":{}},"contracts/utils/interfaces/IBPool.sol":{"l":{},"path":"/Users/arseny/Projects/primeDAO/monorepo/packages/contracts/contracts/utils/interfaces/IBPool.sol","s":{},"b":{},"f":{},"fnMap":{},"statementMap":{},"branchMap":{}},"contracts/utils/interfaces/IConfigurableRightsPool.sol":{"l":{},"path":"/Users/arseny/Projects/primeDAO/monorepo/packages/contracts/contracts/utils/interfaces/IConfigurableRightsPool.sol","s":{},"b":{},"f":{},"fnMap":{},"statementMap":{},"branchMap":{}},"contracts/utils/PriceOracle.sol":{"l":{"18":15,"22":1,"23":1},"path":"/Users/arseny/Projects/primeDAO/monorepo/packages/contracts/contracts/utils/PriceOracle.sol","s":{"1":15,"2":1,"3":1},"b":{},"f":{"1":15,"2":1},"fnMap":{"1":{"name":"setTokenPrice","line":17,"loc":{"start":{"line":17,"column":4},"end":{"line":19,"column":4}}},"2":{"name":"getPrice","line":21,"loc":{"start":{"line":21,"column":4},"end":{"line":24,"column":4}}}},"statementMap":{"1":{"start":{"line":18,"column":8},"end":{"line":18,"column":57}},"2":{"start":{"line":22,"column":8},"end":{"line":22,"column":47}},"3":{"start":{"line":23,"column":8},"end":{"line":23,"column":51}}},"branchMap":{}},"contracts/utils/test/ERC20Mock.sol":{"l":{"12":45,"13":45,"14":45,"15":45},"path":"/Users/arseny/Projects/primeDAO/monorepo/packages/contracts/contracts/utils/test/ERC20Mock.sol","s":{"1":45,"2":45,"3":45,"4":45},"b":{},"f":{"1":45},"fnMap":{"1":{"name":"constructor","line":11,"loc":{"start":{"line":11,"column":4},"end":{"line":16,"column":4}}}},"statementMap":{"1":{"start":{"line":12,"column":8},"end":{"line":12,"column":19}},"2":{"start":{"line":13,"column":8},"end":{"line":13,"column":23}},"3":{"start":{"line":14,"column":8},"end":{"line":14,"column":27}},"4":{"start":{"line":15,"column":8},"end":{"line":15,"column":58}}},"branchMap":{}},"contracts/utils/test/Import.sol":{"l":{},"path":"/Users/arseny/Projects/primeDAO/monorepo/packages/contracts/contracts/utils/test/Import.sol","s":{},"b":{},"f":{"1":0},"fnMap":{"1":{"name":"constructor","line":9,"loc":{"start":{"line":9,"column":4},"end":{"line":11,"column":4}}}},"statementMap":{},"branchMap":{}},"contracts/vesting/TokenVesting.sol":{"l":{"50":9,"52":7,"53":5,"55":3,"57":1,"58":1,"59":1,"60":1,"61":1,"68":0,"75":0,"82":0,"89":0,"96":0,"103":0,"110":0,"118":3,"120":3,"122":1,"124":1,"126":1,"135":3,"136":3,"138":1,"140":1,"141":1,"143":1,"145":1,"147":1,"155":4,"163":4,"164":4,"166":4,"167":0,"169":0,"171":4},"path":"/Users/arseny/Projects/primeDAO/monorepo/packages/contracts/contracts/vesting/TokenVesting.sol","s":{"1":9,"2":7,"3":5,"4":3,"5":1,"6":1,"7":1,"8":1,"9":1,"10":0,"11":0,"12":0,"13":0,"14":0,"15":0,"16":0,"17":3,"18":3,"19":1,"20":1,"21":1,"22":3,"23":3,"24":1,"25":1,"26":1,"27":1,"28":1,"29":1,"30":4,"31":4,"32":4,"33":4,"34":0,"35":4,"36":0,"37":4},"b":{"1":[7,2],"2":[5,2],"3":[3,2],"4":[1,2],"5":[1,2],"6":[3,0],"7":[1,2],"8":[0,4],"9":[0,4]},"f":{"1":9,"2":0,"3":0,"4":0,"5":0,"6":0,"7":0,"8":0,"9":3,"10":3,"11":4,"12":4},"fnMap":{"1":{"name":"constructor","line":49,"loc":{"start":{"line":49,"column":4},"end":{"line":62,"column":4}}},"2":{"name":"beneficiary","line":67,"loc":{"start":{"line":67,"column":4},"end":{"line":69,"column":4}}},"3":{"name":"cliff","line":74,"loc":{"start":{"line":74,"column":4},"end":{"line":76,"column":4}}},"4":{"name":"start","line":81,"loc":{"start":{"line":81,"column":4},"end":{"line":83,"column":4}}},"5":{"name":"duration","line":88,"loc":{"start":{"line":88,"column":4},"end":{"line":90,"column":4}}},"6":{"name":"revocable","line":95,"loc":{"start":{"line":95,"column":4},"end":{"line":97,"column":4}}},"7":{"name":"released","line":102,"loc":{"start":{"line":102,"column":4},"end":{"line":104,"column":4}}},"8":{"name":"revoked","line":109,"loc":{"start":{"line":109,"column":4},"end":{"line":111,"column":4}}},"9":{"name":"release","line":117,"loc":{"start":{"line":117,"column":4},"end":{"line":127,"column":4}}},"10":{"name":"revoke","line":134,"loc":{"start":{"line":134,"column":4},"end":{"line":148,"column":4}}},"11":{"name":"_releasableAmount","line":154,"loc":{"start":{"line":154,"column":4},"end":{"line":156,"column":4}}},"12":{"name":"_vestedAmount","line":162,"loc":{"start":{"line":162,"column":4},"end":{"line":173,"column":4}}}},"statementMap":{"1":{"start":{"line":50,"column":8},"end":{"line":50,"column":90}},"2":{"start":{"line":52,"column":8},"end":{"line":52,"column":88}},"3":{"start":{"line":53,"column":8},"end":{"line":53,"column":59}},"4":{"start":{"line":55,"column":8},"end":{"line":55,"column":104}},"5":{"start":{"line":57,"column":8},"end":{"line":57,"column":33}},"6":{"start":{"line":58,"column":8},"end":{"line":58,"column":29}},"7":{"start":{"line":59,"column":8},"end":{"line":59,"column":27}},"8":{"start":{"line":60,"column":8},"end":{"line":60,"column":40}},"9":{"start":{"line":61,"column":8},"end":{"line":61,"column":21}},"10":{"start":{"line":68,"column":8},"end":{"line":68,"column":27}},"11":{"start":{"line":75,"column":8},"end":{"line":75,"column":21}},"12":{"start":{"line":82,"column":8},"end":{"line":82,"column":21}},"13":{"start":{"line":89,"column":8},"end":{"line":89,"column":24}},"14":{"start":{"line":96,"column":8},"end":{"line":96,"column":25}},"15":{"start":{"line":103,"column":8},"end":{"line":103,"column":31}},"16":{"start":{"line":110,"column":8},"end":{"line":110,"column":30}},"17":{"start":{"line":118,"column":8},"end":{"line":118,"column":53}},"18":{"start":{"line":120,"column":8},"end":{"line":120,"column":65}},"19":{"start":{"line":122,"column":8},"end":{"line":122,"column":76}},"20":{"start":{"line":124,"column":8},"end":{"line":124,"column":51}},"21":{"start":{"line":126,"column":8},"end":{"line":126,"column":55}},"22":{"start":{"line":135,"column":8},"end":{"line":135,"column":57}},"23":{"start":{"line":136,"column":8},"end":{"line":136,"column":80}},"24":{"start":{"line":138,"column":8},"end":{"line":138,"column":56}},"25":{"start":{"line":140,"column":8},"end":{"line":140,"column":53}},"26":{"start":{"line":141,"column":8},"end":{"line":141,"column":48}},"27":{"start":{"line":143,"column":8},"end":{"line":143,"column":38}},"28":{"start":{"line":145,"column":8},"end":{"line":145,"column":42}},"29":{"start":{"line":147,"column":8},"end":{"line":147,"column":48}},"30":{"start":{"line":155,"column":8},"end":{"line":155,"column":66}},"31":{"start":{"line":163,"column":8},"end":{"line":163,"column":63}},"32":{"start":{"line":164,"column":8},"end":{"line":164,"column":76}},"33":{"start":{"line":166,"column":8},"end":{"line":166,"column":5894}},"34":{"start":{"line":167,"column":12},"end":{"line":167,"column":20}},"35":{"start":{"line":168,"column":15},"end":{"line":168,"column":5963}},"36":{"start":{"line":169,"column":12},"end":{"line":169,"column":31}},"37":{"start":{"line":171,"column":12},"end":{"line":171,"column":79}}},"branchMap":{"1":{"line":50,"type":"if","locations":[{"start":{"line":50,"column":8},"end":{"line":50,"column":8}},{"start":{"line":50,"column":8},"end":{"line":50,"column":8}}]},"2":{"line":52,"type":"if","locations":[{"start":{"line":52,"column":8},"end":{"line":52,"column":8}},{"start":{"line":52,"column":8},"end":{"line":52,"column":8}}]},"3":{"line":53,"type":"if","locations":[{"start":{"line":53,"column":8},"end":{"line":53,"column":8}},{"start":{"line":53,"column":8},"end":{"line":53,"column":8}}]},"4":{"line":55,"type":"if","locations":[{"start":{"line":55,"column":8},"end":{"line":55,"column":8}},{"start":{"line":55,"column":8},"end":{"line":55,"column":8}}]},"5":{"line":120,"type":"if","locations":[{"start":{"line":120,"column":8},"end":{"line":120,"column":8}},{"start":{"line":120,"column":8},"end":{"line":120,"column":8}}]},"6":{"line":135,"type":"if","locations":[{"start":{"line":135,"column":8},"end":{"line":135,"column":8}},{"start":{"line":135,"column":8},"end":{"line":135,"column":8}}]},"7":{"line":136,"type":"if","locations":[{"start":{"line":136,"column":8},"end":{"line":136,"column":8}},{"start":{"line":136,"column":8},"end":{"line":136,"column":8}}]},"8":{"line":166,"type":"if","locations":[{"start":{"line":166,"column":8},"end":{"line":166,"column":8}},{"start":{"line":166,"column":8},"end":{"line":166,"column":8}}]},"9":{"line":168,"type":"if","locations":[{"start":{"line":168,"column":15},"end":{"line":168,"column":15}},{"start":{"line":168,"column":15},"end":{"line":168,"column":15}}]}}},"contracts/vesting/VestingFactory.sol":{"l":{"10":11,"11":9,"12":1,"13":1},"path":"/Users/arseny/Projects/primeDAO/monorepo/packages/contracts/contracts/vesting/VestingFactory.sol","s":{"1":11,"2":9,"3":1,"4":1},"b":{"1":[9,2]},"f":{"1":11},"fnMap":{"1":{"name":"create","line":9,"loc":{"start":{"line":9,"column":4},"end":{"line":14,"column":4}}}},"statementMap":{"1":{"start":{"line":10,"column":8},"end":{"line":10,"column":80}},"2":{"start":{"line":11,"column":8},"end":{"line":11,"column":114}},"3":{"start":{"line":12,"column":8},"end":{"line":12,"column":50}},"4":{"start":{"line":13,"column":8},"end":{"line":13,"column":56}}},"branchMap":{"1":{"line":10,"type":"if","locations":[{"start":{"line":10,"column":8},"end":{"line":10,"column":8}},{"start":{"line":10,"column":8},"end":{"line":10,"column":8}}]}}}}