TN:
SF:/home/mx/Dev/curve/prime_dao/monorepo/packages/contracts/contracts/BalancerProxy.sol
FN:41,initializer
FN:47,protected
FN:58,initialize
FN:72,setPublicSwap
FN:80,setSwapFee
FN:90,commitAddToken
FN:97,applyAddToken
FN:105,removeToken
FN:114,updateWeight
FN:124,updateWeightsGradually
FN:133,joinPool
FN:145,exitPool
FN:153,_setPublicSwap
FN:170,_setSwapFee
FN:187,_updateWeight
FN:205,_updateWeightsGradually
FN:230,_commitAddToken
FN:250,_applyAddToken
FN:266,_removeToken
FN:283,_joinPool
FN:301,_exitPool
FN:321,_approve
FN:344,_approveAllTokens
FNF:23
FNH:21
FNDA:24,initializer
FNDA:16,protected
FNDA:22,initialize
FNDA:1,setPublicSwap
FNDA:1,setSwapFee
FNDA:1,commitAddToken
FNDA:1,applyAddToken
FNDA:1,removeToken
FNDA:0,updateWeight
FNDA:1,updateWeightsGradually
FNDA:1,joinPool
FNDA:1,exitPool
FNDA:1,_setPublicSwap
FNDA:1,_setSwapFee
FNDA:0,_updateWeight
FNDA:1,_updateWeightsGradually
FNDA:1,_commitAddToken
FNDA:1,_applyAddToken
FNDA:1,_removeToken
FNDA:1,_joinPool
FNDA:1,_exitPool
FNDA:4,_approve
FNDA:1,_approveAllTokens
DA:42,24
DA:43,22
DA:44,22
DA:48,16
DA:49,14
DA:50,8
DA:59,22
DA:60,20
DA:61,18
DA:63,16
DA:64,16
DA:65,16
DA:73,1
DA:81,1
DA:91,1
DA:98,1
DA:106,1
DA:115,0
DA:125,1
DA:134,1
DA:135,1
DA:136,1
DA:137,1
DA:146,1
DA:147,1
DA:148,1
DA:154,1
DA:155,1
DA:157,1
DA:166,1
DA:167,1
DA:171,1
DA:172,1
DA:174,1
DA:183,1
DA:184,1
DA:188,0
DA:189,0
DA:191,0
DA:201,0
DA:202,0
DA:212,1
DA:213,1
DA:215,1
DA:226,1
DA:227,1
DA:231,1
DA:232,1
DA:234,1
DA:235,1
DA:246,1
DA:247,1
DA:251,1
DA:252,1
DA:254,1
DA:262,1
DA:263,1
DA:267,1
DA:268,1
DA:270,1
DA:279,1
DA:280,1
DA:284,1
DA:285,1
DA:287,1
DA:297,1
DA:298,1
DA:302,1
DA:303,1
DA:305,1
DA:315,1
DA:316,1
DA:322,4
DA:323,4
DA:325,4
DA:327,0
DA:333,0
DA:335,4
DA:341,4
DA:345,1
DA:346,3
DA:347,3
DA:348,3
LF:83
LH:75
BRDA:42,1,0,22
BRDA:42,1,1,2
BRDA:48,2,0,14
BRDA:48,2,1,2
BRDA:49,3,0,8
BRDA:49,3,1,6
BRDA:59,4,0,20
BRDA:59,4,1,2
BRDA:60,5,0,18
BRDA:60,5,1,2
BRDA:61,6,0,16
BRDA:61,6,1,2
BRDA:135,7,0,1
BRDA:135,7,1,0
BRDA:147,8,0,1
BRDA:147,8,1,0
BRDA:166,9,0,1
BRDA:166,9,1,0
BRDA:183,10,0,1
BRDA:183,10,1,0
BRDA:201,11,0,0
BRDA:201,11,1,0
BRDA:226,12,0,1
BRDA:226,12,1,0
BRDA:246,13,0,1
BRDA:246,13,1,0
BRDA:262,14,0,1
BRDA:262,14,1,0
BRDA:279,15,0,1
BRDA:279,15,1,0
BRDA:297,16,0,1
BRDA:297,16,1,0
BRDA:315,17,0,1
BRDA:315,17,1,0
BRDA:325,18,0,0
BRDA:325,18,1,4
BRDA:333,19,0,0
BRDA:333,19,1,0
BRDA:341,20,0,4
BRDA:341,20,1,0
BRF:40
BRH:24
end_of_record
TN:
SF:/home/mx/Dev/curve/prime_dao/monorepo/packages/contracts/contracts/PrimeToken.sol
FN:9,constructor
FNF:1
FNH:1
FNDA:7,constructor
DA:10,7
LF:1
LH:1
BRF:0
BRH:0
end_of_record
TN:
SF:/home/mx/Dev/curve/prime_dao/monorepo/packages/contracts/contracts/utils/interfaces/IBPool.sol
FNF:0
FNH:0
LF:0
LH:0
BRF:0
BRH:0
end_of_record
TN:
SF:/home/mx/Dev/curve/prime_dao/monorepo/packages/contracts/contracts/utils/interfaces/IConfigurableRightsPool.sol
FNF:0
FNH:0
LF:0
LH:0
BRF:0
BRH:0
end_of_record
TN:
SF:/home/mx/Dev/curve/prime_dao/monorepo/packages/contracts/contracts/utils/PriceOracle.sol
FN:17,setTokenPrice
FN:21,getPrice
FNF:2
FNH:2
FNDA:7,setTokenPrice
FNDA:1,getPrice
DA:18,7
DA:22,1
DA:23,1
LF:3
LH:3
BRF:0
BRH:0
end_of_record
TN:
SF:/home/mx/Dev/curve/prime_dao/monorepo/packages/contracts/contracts/utils/test/ERC20Mock.sol
FN:11,constructor
FNF:1
FNH:1
FNDA:21,constructor
DA:12,21
DA:13,21
DA:14,21
DA:15,21
LF:4
LH:4
BRF:0
BRH:0
end_of_record
TN:
SF:/home/mx/Dev/curve/prime_dao/monorepo/packages/contracts/contracts/utils/test/Import.sol
FN:9,constructor
FNF:1
FNH:0
FNDA:0,constructor
LF:0
LH:0
BRF:0
BRH:0
end_of_record
TN:
SF:/home/mx/Dev/curve/prime_dao/monorepo/packages/contracts/contracts/vesting/TokenVesting.sol
FN:49,constructor
FN:67,beneficiary
FN:74,cliff
FN:81,start
FN:88,duration
FN:95,revocable
FN:102,released
FN:109,revoked
FN:117,release
FN:134,revoke
FN:154,_releasableAmount
FN:162,_vestedAmount
FNF:12
FNH:5
FNDA:9,constructor
FNDA:0,beneficiary
FNDA:0,cliff
FNDA:0,start
FNDA:0,duration
FNDA:0,revocable
FNDA:0,released
FNDA:0,revoked
FNDA:3,release
FNDA:3,revoke
FNDA:4,_releasableAmount
FNDA:4,_vestedAmount
DA:50,9
DA:52,7
DA:53,5
DA:55,3
DA:57,1
DA:58,1
DA:59,1
DA:60,1
DA:61,1
DA:68,0
DA:75,0
DA:82,0
DA:89,0
DA:96,0
DA:103,0
DA:110,0
DA:118,3
DA:120,3
DA:122,1
DA:124,1
DA:126,1
DA:135,3
DA:136,3
DA:138,1
DA:140,1
DA:141,1
DA:143,1
DA:145,1
DA:147,1
DA:155,4
DA:163,4
DA:164,4
DA:166,4
DA:167,0
DA:169,0
DA:171,4
LF:36
LH:27
BRDA:50,1,0,7
BRDA:50,1,1,2
BRDA:52,2,0,5
BRDA:52,2,1,2
BRDA:53,3,0,3
BRDA:53,3,1,2
BRDA:55,4,0,1
BRDA:55,4,1,2
BRDA:120,5,0,1
BRDA:120,5,1,2
BRDA:135,6,0,3
BRDA:135,6,1,0
BRDA:136,7,0,1
BRDA:136,7,1,2
BRDA:166,8,0,0
BRDA:166,8,1,4
BRDA:168,9,0,0
BRDA:168,9,1,4
BRF:18
BRH:15
end_of_record
TN:
SF:/home/mx/Dev/curve/prime_dao/monorepo/packages/contracts/contracts/vesting/VestingFactory.sol
FN:9,create
FNF:1
FNH:1
FNDA:11,create
DA:10,11
DA:11,9
DA:12,1
DA:13,1
LF:4
LH:4
BRDA:10,1,0,9
BRDA:10,1,1,2
BRF:2
BRH:2
end_of_record
